<?xml version="1.0" encoding="UTF-8"?>
<testsuite xmlns:xsi="http://www.w3.org/2001/XMLSchema-instance" xsi:noNamespaceSchemaLocation="https://maven.apache.org/surefire/maven-surefire-plugin/xsd/surefire-test-report.xsd" name="com.aula_soo.atividade6.FaturaTest" time="0.679" tests="2" errors="0" skipped="0" failures="0">
  <properties>
[...]
</properties>
  <testcase name="getAllFaturas" classname="com.aula_soo.atividade6.FaturaTest" time="0.635"/>
  <testcase name="cadastrarFaturaTest" classname="com.aula_soo.atividade6.FaturaTest" time="0.038"/>
</testsuite>